[INFO ] 2023-09-26 12:56:20.357 [main] RestPracticeFramework - read user data
[INFO ] 2023-09-26 12:56:23.318 [main] RestPracticeFramework - create user data
[INFO ] 2023-09-26 12:56:24.522 [main] RestPracticeFramework - get user data
[INFO ] 2023-09-26 12:56:25.704 [main] RestPracticeFramework - update user data
[INFO ] 2023-09-26 12:56:26.841 [main] RestPracticeFramework - delete user data
[INFO ] 2023-09-29 11:08:28.151 [main] RestPracticeFramework - read user data
[INFO ] 2023-09-29 11:08:31.009 [main] RestPracticeFramework - create user data
[INFO ] 2023-09-29 11:08:32.312 [main] RestPracticeFramework - get user data
[INFO ] 2023-09-29 11:08:33.569 [main] RestPracticeFramework - update user data
[INFO ] 2023-09-29 11:08:34.745 [main] RestPracticeFramework - delete user data
[INFO ] 2023-09-29 11:39:40.403 [main] RestPracticeFramework - read user data
[INFO ] 2023-09-29 11:39:43.325 [main] RestPracticeFramework - create user data
[INFO ] 2023-09-29 11:39:44.597 [main] RestPracticeFramework - get user data
[INFO ] 2023-09-29 11:39:45.891 [main] RestPracticeFramework - update user data
[INFO ] 2023-09-29 11:39:47.238 [main] RestPracticeFramework - delete user data
[INFO ] 2023-09-29 11:56:06.059 [main] RestPracticeFramework - read user data
[INFO ] 2023-09-29 11:56:09.022 [main] RestPracticeFramework - create user data
[INFO ] 2023-09-29 11:56:10.229 [main] RestPracticeFramework - get user data
[INFO ] 2023-09-29 11:56:11.372 [main] RestPracticeFramework - update user data
[INFO ] 2023-09-29 11:56:12.585 [main] RestPracticeFramework - delete user data
